#
# A fatal error has been detected by the Java Runtime Environment:
#
#  SIGSEGV (0xb) at pc=0x0000000103137bbc, pid=6087, tid=19459
#
# JRE version: Java(TM) SE Runtime Environment (7.0_71-b14) (build 1.7.0_71-b14)
# Java VM: Java HotSpot(TM) 64-Bit Server VM (24.71-b01 mixed mode bsd-amd64 compressed oops)
# Problematic frame:
# V  [libjvm.dylib+0x337bbc]  jvmti_IsMethodSynthetic+0xb9
#
# Failed to write core dump. Core dumps have been disabled. To enable core dumping, try "ulimit -c unlimited" before starting Java again
#
# If you would like to submit a bug report, please visit:
#   http://bugreport.sun.com/bugreport/crash.jsp
#

---------------  T H R E A D  ---------------

Current thread (0x00007fef3a813000):  JavaThread "JDWP Transport Listener: dt_socket" daemon [_thread_in_vm, id=19459, stack(0x0000700000fca000,0x00007000010ca000)]

siginfo:si_signo=SIGSEGV: si_errno=0, si_code=0 (SEGV0), si_addr=0x0000000000000000

Registers:
RAX=0x0000000000000001, RBX=0x00007000010c9a8b, RCX=0x00000000001f8100, RDX=0x00007000010c9a8b
RSP=0x00007000010c99f0, RBP=0x00007000010c9a40, RSI=0x00007fef3a813000, RDI=0x00007fef3b902b40
R8 =0x0000000000000003, R9 =0x0000000000000000, R10=0x0000000000000004, R11=0x00007fef3be00000
R12=0x00007fef3a813000, R13=0x0039000000000000, R14=0x0039000000000000, R15=0x00007fef3b902b40
RIP=0x0000000103137bbc, EFLAGS=0x0000000000010206, ERR=0x0000000000000000
  TRAPNO=0x000000000000000d

Top of Stack: (sp=0x00007000010c99f0)
0x00007000010c99f0:   00007fef3a813000 0000000000000000
0x00007000010c9a00:   0000000000000000 0000000000000000
0x00007000010c9a10:   00007fef3a813000 00007fef3a813000
0x00007000010c9a20:   00007000010c9a8b 00007000010c9a90
0x00007000010c9a30:   0039000000000000 0000000000000071
0x00007000010c9a40:   00007000010c9a60 0000000101c661a8
0x00007000010c9a50:   0000000000000001 00007000010c9b08
0x00007000010c9a60:   00007000010c9ad0 0000000101c4afbb
0x00007000010c9a70:   00007000010c9aa0 00007fef3bea7d10
0x00007000010c9a80:   0000007200000032 00000009000c9b08
0x00007000010c9a90:   0000000000000000 0000000000000000
0x00007000010c9aa0:   0000000000000000 00007000010c9c90
0x00007000010c9ab0:   0000000101c6ddc2 00007fef3be81370
0x00007000010c9ac0:   00007000010c9b08 0000000101c79588
0x00007000010c9ad0:   00007000010c9ae0 0000000101c4b0b4
0x00007000010c9ae0:   00007000010c9d00 0000000101c54642
0x00007000010c9af0:   0000388a00000013 00000000000f0200
0x00007000010c9b00:   00007fef3bea7870 00007fef3e81c820
0x00007000010c9b10:   00007fef00001960 00007fef3be77d20
0x00007000010c9b20:   000000000000012c 00007000010c9b58
0x00007000010c9b30:   00007fef3be4bab0 0000000000000000
0x00007000010c9b40:   0000388a0000001c 00007fff0000ac80
0x00007000010c9b50:   00007000010c9b58 ef7f000072000000
0x00007000010c9b60:   0d000000e097913b 536b6e616c427369
0x00007000010c9b70:   000000676e697274 2f6176616a4c2815
0x00007000010c9b80:   7274532f676e616c 00005a293b676e69
0x00007000010c9b90:   0000090000000000 000010afd13bef7f
0x00007000010c9ba0:   3e74696e693c0600 0056292803000000
0x00007000010c9bb0:   0001000000000000 00e894913bef7f00
0x00007000010c9bc0:   5449575324460000 454c4241545f4843
0x00007000010c9bd0:   6f7661246d6f6324 6c63736f76612473
0x00007000010c9be0:   65746e692464756f 707041246c616e72 

Instructions: (pc=0x0000000103137bbc)
0x0000000103137b9c:   00 00 00 41 f6 87 68 01 00 00 10 75 07 b8 63 00
0x0000000103137bac:   00 00 eb 7a 4d 85 f6 75 07 b8 17 00 00 00 eb 6e
0x0000000103137bbc:   4d 8b 36 48 b8 fe fe fe fe fe fe fe fe 49 39 c6
0x0000000103137bcc:   74 e7 4d 85 f6 74 e2 48 8d 05 86 56 4d 00 80 38 

Register to memory mapping:

RAX=0x0000000000000001 is an unknown value
RBX=0x00007000010c9a8b is pointing into the stack for thread: 0x00007fef3a813000
RCX=0x00000000001f8100 is an unknown value
RDX=0x00007000010c9a8b is pointing into the stack for thread: 0x00007fef3a813000
RSP=0x00007000010c99f0 is pointing into the stack for thread: 0x00007fef3a813000
RBP=0x00007000010c9a40 is pointing into the stack for thread: 0x00007fef3a813000
RSI=0x00007fef3a813000 is a thread
RDI=0x00007fef3b902b40 is an unknown value
R8 =0x0000000000000003 is an unknown value
R9 =0x0000000000000000 is an unknown value
R10=0x0000000000000004 is an unknown value
R11=0x00007fef3be00000 is an unknown value
R12=0x00007fef3a813000 is a thread
R13=0x0039000000000000 is an unknown value
R14=0x0039000000000000 is an unknown value
R15=0x00007fef3b902b40 is an unknown value


Stack: [0x0000700000fca000,0x00007000010ca000],  sp=0x00007000010c99f0,  free space=1022k
Native frames: (J=compiled Java code, j=interpreted, Vv=VM code, C=native code)
V  [libjvm.dylib+0x337bbc]  jvmti_IsMethodSynthetic+0xb9
C  [libjdwp.dylib+0x201a8]  isMethodSynthetic+0x63
C  [libjdwp.dylib+0x4fbb]  methods1+0x10b
C  [libjdwp.dylib+0x50b4]  methodsWithGeneric+0xe
C  [libjdwp.dylib+0xe642]  debugLoop_run+0x1ce
C  [libjdwp.dylib+0x1f0e2]  attachThread+0x4d
V  [libjvm.dylib+0x3787de]  JvmtiAgentThread::call_start_function()+0x38
V  [libjvm.dylib+0x4f5f69]  JavaThread::thread_main_inner()+0x9b
V  [libjvm.dylib+0x4f7671]  JavaThread::run()+0x1a3
V  [libjvm.dylib+0x420e02]  java_start(Thread*)+0x126
C  [libsystem_pthread.dylib+0x399d]  _pthread_body+0x83
C  [libsystem_pthread.dylib+0x391a]  _pthread_body+0x0
C  [libsystem_pthread.dylib+0x1351]  thread_start+0xd


---------------  P R O C E S S  ---------------

Java Threads: ( => current thread )
  0x00007fef3e80c000 JavaThread "qtp966025018-49" [_thread_blocked, id=43535, stack(0x00007000016df000,0x00007000017df000)]
  0x00007fef3d0a9800 JavaThread "qtp966025018-43" [_thread_blocked, id=34831, stack(0x000070000250c000,0x000070000260c000)]
  0x00007fef3ec00000 JavaThread "Scheduler-20762969" [_thread_blocked, id=44039, stack(0x0000700002303000,0x0000700002403000)]
  0x00007fef401c6800 JavaThread "OkHttp ConnectionPool" daemon [_thread_blocked, id=65291, stack(0x0000700002f30000,0x0000700003030000)]
  0x00007fef3ae9a800 JavaThread "Okio Watchdog" daemon [_thread_blocked, id=64891, stack(0x0000700002e2d000,0x0000700002f2d000)]
  0x00007fef3f235800 JavaThread "Scanner-0" daemon [_thread_blocked, id=64259, stack(0x0000700002d2a000,0x0000700002e2a000)]
  0x00007fef3d07b000 JavaThread "qtp966025018-33-acceptor-3-MavenServerConnector@693d6c64{HTTP/1.1}{0.0.0.0:3000}" [_thread_blocked, id=63235, stack(0x0000700002b24000,0x0000700002c24000)]
  0x00007fef3e868000 JavaThread "qtp966025018-32-acceptor-2-MavenServerConnector@693d6c64{HTTP/1.1}{0.0.0.0:3000}" [_thread_in_native, id=62723, stack(0x0000700002a21000,0x0000700002b21000)]
  0x00007fef3d000000 JavaThread "qtp966025018-31-acceptor-1-MavenServerConnector@693d6c64{HTTP/1.1}{0.0.0.0:3000}" [_thread_blocked, id=61711, stack(0x000070000281b000,0x000070000291b000)]
  0x00007fef3abb8800 JavaThread "qtp966025018-30-acceptor-0-MavenServerConnector@693d6c64{HTTP/1.1}{0.0.0.0:3000}" [_thread_blocked, id=62211, stack(0x000070000291e000,0x0000700002a1e000)]
  0x00007fef3f13f800 JavaThread "AWT-AppKit" daemon [_thread_in_native, id=2571, stack(0x00007fff5da77000,0x00007fff5e277000)]
  0x00007fef3a7f0800 JavaThread "HashSessionScavenger-0" daemon [_thread_blocked, id=29699, stack(0x0000700002200000,0x0000700002300000)]
  0x00007fef3c2b4000 JavaThread "qtp966025018-23-selector-7" [_thread_in_native, id=29187, stack(0x00007000020fd000,0x00007000021fd000)]
  0x00007fef3d81a800 JavaThread "qtp966025018-22-selector-6" [_thread_in_native, id=28675, stack(0x0000700001ffa000,0x00007000020fa000)]
  0x00007fef3cb43000 JavaThread "qtp966025018-21-selector-5" [_thread_in_native, id=28163, stack(0x0000700001ef7000,0x0000700001ff7000)]
  0x00007fef3a23b800 JavaThread "qtp966025018-20-selector-4" [_thread_in_native, id=27651, stack(0x0000700001df4000,0x0000700001ef4000)]
  0x00007fef3a414800 JavaThread "qtp966025018-19-selector-3" [_thread_in_native, id=27139, stack(0x0000700001cf1000,0x0000700001df1000)]
  0x00007fef3cb42000 JavaThread "qtp966025018-18-selector-1" [_thread_in_native, id=26627, stack(0x0000700001bee000,0x0000700001cee000)]
  0x00007fef3cb41800 JavaThread "qtp966025018-17-selector-2" [_thread_in_native, id=26115, stack(0x0000700001aeb000,0x0000700001beb000)]
  0x00007fef3cb38800 JavaThread "qtp966025018-16-selector-0" [_thread_in_native, id=25603, stack(0x00007000019e8000,0x0000700001ae8000)]
  0x00007fef3c2b3800 JavaThread "ShutdownMonitor" daemon [_thread_in_native, id=25091, stack(0x00007000018e5000,0x00007000019e5000)]
  0x00007fef3cb1f800 JavaThread "DateCache" daemon [_thread_blocked, id=24591, stack(0x00007000017e2000,0x00007000018e2000)]
  0x00007fef3c832000 JavaThread "Service Thread" daemon [_thread_blocked, id=22019, stack(0x00007000014d9000,0x00007000015d9000)]
  0x00007fef3c830800 JavaThread "C2 CompilerThread1" daemon [_thread_blocked, id=21507, stack(0x00007000013d6000,0x00007000014d6000)]
  0x00007fef3b002000 JavaThread "C2 CompilerThread0" daemon [_thread_blocked, id=20995, stack(0x00007000012d3000,0x00007000013d3000)]
  0x00007fef3a824000 JavaThread "JDWP Command Reader" daemon [_thread_in_native, id=20483, stack(0x00007000011d0000,0x00007000012d0000)]
  0x00007fef3a00e000 JavaThread "JDWP Event Helper Thread" daemon [_thread_blocked, id=19971, stack(0x00007000010cd000,0x00007000011cd000)]
=>0x00007fef3a813000 JavaThread "JDWP Transport Listener: dt_socket" daemon [_thread_in_vm, id=19459, stack(0x0000700000fca000,0x00007000010ca000)]
  0x00007fef3c82d000 JavaThread "Signal Dispatcher" daemon [_thread_blocked, id=18715, stack(0x0000700000ec7000,0x0000700000fc7000)]
  0x00007fef3a038000 JavaThread "Finalizer" daemon [_thread_blocked, id=14339, stack(0x0000700000c3b000,0x0000700000d3b000)]
  0x00007fef3a037000 JavaThread "Reference Handler" daemon [_thread_blocked, id=13827, stack(0x0000700000b38000,0x0000700000c38000)]
  0x00007fef3c800000 JavaThread "main" [_thread_blocked, id=5891, stack(0x000070000011a000,0x000070000021a000)]

Other Threads:
  0x00007fef3a80f800 VMThread [stack: 0x0000700000a35000,0x0000700000b35000] [id=13315]
  0x00007fef3d811800 WatcherThread [stack: 0x00007000015dc000,0x00007000016dc000] [id=22531]

VM state:not at safepoint (normal execution)

VM Mutex/Monitor currently owned by a thread: None

Heap
 PSYoungGen      total 157696K, used 78937K [0x00000007aaa80000, 0x00000007b6380000, 0x0000000800000000)
  eden space 130560K, 44% used [0x00000007aaa80000,0x00000007ae2e02e8,0x00000007b2a00000)
  from space 27136K, 78% used [0x00000007b4600000,0x00000007b5ab64e0,0x00000007b6080000)
  to   space 28672K, 0% used [0x00000007b2a00000,0x00000007b2a00000,0x00000007b4600000)
 ParOldGen       total 174592K, used 24999K [0x0000000700000000, 0x000000070aa80000, 0x00000007aaa80000)
  object space 174592K, 14% used [0x0000000700000000,0x0000000701869d20,0x000000070aa80000)
 PSPermGen       total 31232K, used 30769K [0x00000006fae00000, 0x00000006fcc80000, 0x0000000700000000)
  object space 31232K, 98% used [0x00000006fae00000,0x00000006fcc0c7c0,0x00000006fcc80000)

Card table byte_map: [0x0000000106860000,0x000000010708a000] byte_map_base: 0x0000000103089000

Polling page: 0x0000000101c45000

Code Cache  [0x0000000103860000, 0x0000000103b00000, 0x0000000106860000)
 total_blobs=1091 nmethods=702 adapters=351 free_code_cache=46507Kb largest_free_block=47580608

Compilation events (10 events):
Event: 78.171 Thread 0x00007fef3c830800  742   !         java.lang.StringCoding::encode (120 bytes)
Event: 78.178 Thread 0x00007fef3c830800 nmethod 742 0x0000000103af9790 code [0x0000000103af9980, 0x0000000103afa0c0]
Event: 176.200 Thread 0x00007fef3b002000  743             java.util.Calendar::setFieldsComputed (117 bytes)
Event: 176.207 Thread 0x00007fef3b002000 nmethod 743 0x0000000103afd210 code [0x0000000103afd3c0, 0x0000000103afd878]
Event: 181.270 Thread 0x00007fef3c830800  744             java.io.UnixFileSystem::getBooleanAttributes (49 bytes)
Event: 181.281 Thread 0x00007fef3c830800 nmethod 744 0x0000000103ae8bd0 code [0x0000000103ae8d80, 0x0000000103ae94d8]
Event: 182.199 Thread 0x00007fef3b002000  746             java.util.Calendar::internalSet (8 bytes)
Event: 182.200 Thread 0x00007fef3b002000 nmethod 746 0x0000000103ae88d0 code [0x0000000103ae8a20, 0x0000000103ae8af8]
Event: 228.199 Thread 0x00007fef3c830800  747             sun.nio.cs.ISO_8859_1$Encoder::encode (107 bytes)
Event: 228.202 Thread 0x00007fef3c830800 nmethod 747 0x0000000103afdd90 code [0x0000000103afdf00, 0x0000000103afe278]

GC Heap History (10 events):
Event: 2.931 GC heap before
{Heap before GC invocations=2 (full 0):
 PSYoungGen      total 76800K, used 74961K [0x00000007aaa80000, 0x00000007b0000000, 0x0000000800000000)
  eden space 66048K, 100% used [0x00000007aaa80000,0x00000007aeb00000,0x00000007aeb00000)
  from space 10752K, 82% used [0x00000007aeb00000,0x00000007af3b4610,0x00000007af580000)
  to   space 10752K, 0% used [0x00000007af580000,0x00000007af580000,0x00000007b0000000)
 ParOldGen       total 174592K, used 8K [0x0000000700000000, 0x000000070aa80000, 0x00000007aaa80000)
  object space 174592K, 0% used [0x0000000700000000,0x0000000700002000,0x000000070aa80000)
 PSPermGen       total 21504K, used 16089K [0x00000006fae00000, 0x00000006fc300000, 0x0000000700000000)
  object space 21504K, 74% used [0x00000006fae00000,0x00000006fbdb6728,0x00000006fc300000)
Event: 2.940 GC heap after
Heap after GC invocations=2 (full 0):
 PSYoungGen      total 76800K, used 8738K [0x00000007aaa80000, 0x00000007b0000000, 0x0000000800000000)
  eden space 66048K, 0% used [0x00000007aaa80000,0x00000007aaa80000,0x00000007aeb00000)
  from space 10752K, 81% used [0x00000007af580000,0x00000007afe088e0,0x00000007b0000000)
  to   space 10752K, 0% used [0x00000007aeb00000,0x00000007aeb00000,0x00000007af580000)
 ParOldGen       total 174592K, used 16K [0x0000000700000000, 0x000000070aa80000, 0x00000007aaa80000)
  object space 174592K, 0% used [0x0000000700000000,0x0000000700004000,0x000000070aa80000)
 PSPermGen       total 21504K, used 16089K [0x00000006fae00000, 0x00000006fc300000, 0x0000000700000000)
  object space 21504K, 74% used [0x00000006fae00000,0x00000006fbdb6728,0x00000006fc300000)
}
Event: 3.493 GC heap before
{Heap before GC invocations=3 (full 0):
 PSYoungGen      total 76800K, used 74786K [0x00000007aaa80000, 0x00000007b0000000, 0x0000000800000000)
  eden space 66048K, 100% used [0x00000007aaa80000,0x00000007aeb00000,0x00000007aeb00000)
  from space 10752K, 81% used [0x00000007af580000,0x00000007afe088e0,0x00000007b0000000)
  to   space 10752K, 0% used [0x00000007aeb00000,0x00000007aeb00000,0x00000007af580000)
 ParOldGen       total 174592K, used 16K [0x0000000700000000, 0x000000070aa80000, 0x00000007aaa80000)
  object space 174592K, 0% used [0x0000000700000000,0x0000000700004000,0x000000070aa80000)
 PSPermGen       total 21504K, used 17056K [0x00000006fae00000, 0x00000006fc300000, 0x0000000700000000)
  object space 21504K, 79% used [0x00000006fae00000,0x00000006fbea82b0,0x00000006fc300000)
Event: 3.500 GC heap after
Heap after GC invocations=3 (full 0):
 PSYoungGen      total 76800K, used 10032K [0x00000007aaa80000, 0x00000007b0000000, 0x0000000800000000)
  eden space 66048K, 0% used [0x00000007aaa80000,0x00000007aaa80000,0x00000007aeb00000)
  from space 10752K, 93% used [0x00000007aeb00000,0x00000007af4cc008,0x00000007af580000)
  to   space 10752K, 0% used [0x00000007af580000,0x00000007af580000,0x00000007b0000000)
 ParOldGen       total 174592K, used 24K [0x0000000700000000, 0x000000070aa80000, 0x00000007aaa80000)
  object space 174592K, 0% used [0x0000000700000000,0x0000000700006000,0x000000070aa80000)
 PSPermGen       total 21504K, used 17056K [0x00000006fae00000, 0x00000006fc300000, 0x0000000700000000)
  object space 21504K, 79% used [0x00000006fae00000,0x00000006fbea82b0,0x00000006fc300000)
}
Event: 4.138 GC heap before
{Heap before GC invocations=4 (full 0):
 PSYoungGen      total 76800K, used 76080K [0x00000007aaa80000, 0x00000007b0000000, 0x0000000800000000)
  eden space 66048K, 100% used [0x00000007aaa80000,0x00000007aeb00000,0x00000007aeb00000)
  from space 10752K, 93% used [0x00000007aeb00000,0x00000007af4cc008,0x00000007af580000)
  to   space 10752K, 0% used [0x00000007af580000,0x00000007af580000,0x00000007b0000000)
 ParOldGen       total 174592K, used 24K [0x0000000700000000, 0x000000070aa80000, 0x00000007aaa80000)
  object space 174592K, 0% used [0x0000000700000000,0x0000000700006000,0x000000070aa80000)
 PSPermGen       total 21504K, used 20756K [0x00000006fae00000, 0x00000006fc300000, 0x0000000700000000)
  object space 21504K, 96% used [0x00000006fae00000,0x00000006fc245280,0x00000006fc300000)
Event: 4.159 GC heap after
Heap after GC invocations=4 (full 0):
 PSYoungGen      total 76800K, used 10720K [0x00000007aaa80000, 0x00000007b4080000, 0x0000000800000000)
  eden space 66048K, 0% used [0x00000007aaa80000,0x00000007aaa80000,0x00000007aeb00000)
  from space 10752K, 99% used [0x00000007af580000,0x00000007afff8070,0x00000007b0000000)
  to   space 10752K, 0% used [0x00000007aeb00000,0x00000007aeb00000,0x00000007af580000)
 ParOldGen       total 174592K, used 10714K [0x0000000700000000, 0x000000070aa80000, 0x00000007aaa80000)
  object space 174592K, 6% used [0x0000000700000000,0x0000000700a76810,0x000000070aa80000)
 PSPermGen       total 21504K, used 20756K [0x00000006fae00000, 0x00000006fc300000, 0x0000000700000000)
  object space 21504K, 96% used [0x00000006fae00000,0x00000006fc245280,0x00000006fc300000)
}
Event: 4.540 GC heap before
{Heap before GC invocations=5 (full 0):
 PSYoungGen      total 76800K, used 76760K [0x00000007aaa80000, 0x00000007b4080000, 0x0000000800000000)
  eden space 66048K, 99% used [0x00000007aaa80000,0x00000007aeafe2c8,0x00000007aeb00000)
  from space 10752K, 99% used [0x00000007af580000,0x00000007afff8070,0x00000007b0000000)
  to   space 10752K, 0% used [0x00000007aeb00000,0x00000007aeb00000,0x00000007af580000)
 ParOldGen       total 174592K, used 10714K [0x0000000700000000, 0x000000070aa80000, 0x00000007aaa80000)
  object space 174592K, 6% used [0x0000000700000000,0x0000000700a76810,0x000000070aa80000)
 PSPermGen       total 21504K, used 20819K [0x00000006fae00000, 0x00000006fc300000, 0x0000000700000000)
  object space 21504K, 96% used [0x00000006fae00000,0x00000006fc254fc8,0x00000006fc300000)
Event: 4.564 GC heap after
Heap after GC invocations=5 (full 0):
 PSYoungGen      total 76800K, used 10720K [0x00000007aaa80000, 0x00000007b6080000, 0x0000000800000000)
  eden space 66048K, 0% used [0x00000007aaa80000,0x00000007aaa80000,0x00000007aeb00000)
  from space 10752K, 99% used [0x00000007aeb00000,0x00000007af578070,0x00000007af580000)
  to   space 27136K, 0% used [0x00000007b4600000,0x00000007b4600000,0x00000007b6080000)
 ParOldGen       total 174592K, used 24991K [0x0000000700000000, 0x000000070aa80000, 0x00000007aaa80000)
  object space 174592K, 14% used [0x0000000700000000,0x0000000701867d20,0x000000070aa80000)
 PSPermGen       total 21504K, used 20819K [0x00000006fae00000, 0x00000006fc300000, 0x0000000700000000)
  object space 21504K, 96% used [0x00000006fae00000,0x00000006fc254fc8,0x00000006fc300000)
}
Event: 5.190 GC heap before
{Heap before GC invocations=6 (full 0):
 PSYoungGen      total 76800K, used 76768K [0x00000007aaa80000, 0x00000007b6080000, 0x0000000800000000)
  eden space 66048K, 100% used [0x00000007aaa80000,0x00000007aeb00000,0x00000007aeb00000)
  from space 10752K, 99% used [0x00000007aeb00000,0x00000007af578070,0x00000007af580000)
  to   space 27136K, 0% used [0x00000007b4600000,0x00000007b4600000,0x00000007b6080000)
 ParOldGen       total 174592K, used 24991K [0x0000000700000000, 0x000000070aa80000, 0x00000007aaa80000)
  object space 174592K, 14% used [0x0000000700000000,0x0000000701867d20,0x000000070aa80000)
 PSPermGen       total 25088K, used 24796K [0x00000006fae00000, 0x00000006fc680000, 0x0000000700000000)
  object space 25088K, 98% used [0x00000006fae00000,0x00000006fc637330,0x00000006fc680000)
Event: 5.210 GC heap after
Heap after GC invocations=6 (full 0):
 PSYoungGen      total 157696K, used 21209K [0x00000007aaa80000, 0x00000007b6380000, 0x0000000800000000)
  eden space 130560K, 0% used [0x00000007aaa80000,0x00000007aaa80000,0x00000007b2a00000)
  from space 27136K, 78% used [0x00000007b4600000,0x00000007b5ab64e0,0x00000007b6080000)
  to   space 28672K, 0% used [0x00000007b2a00000,0x00000007b2a00000,0x00000007b4600000)
 ParOldGen       total 174592K, used 24999K [0x0000000700000000, 0x000000070aa80000, 0x00000007aaa80000)
  object space 174592K, 14% used [0x0000000700000000,0x0000000701869d20,0x000000070aa80000)
 PSPermGen       total 25088K, used 24796K [0x00000006fae00000, 0x00000006fc680000, 0x0000000700000000)
  object space 25088K, 98% used [0x00000006fae00000,0x00000006fc637330,0x00000006fc680000)
}

Deoptimization events (10 events):
Event: 13.545 Thread 0x00007fef3d0a9800 Uncommon trap: reason=unhandled action=none pc=0x0000000103977304 method=java.lang.Integer.parseInt(Ljava/lang/String;I)I @ 204
Event: 13.577 Thread 0x00007fef3d0a9800 Uncommon trap: reason=unhandled action=none pc=0x0000000103977304 method=java.lang.Integer.parseInt(Ljava/lang/String;I)I @ 204
Event: 13.715 Thread 0x00007fef3d0a9800 Uncommon trap: reason=class_check action=maybe_recompile pc=0x0000000103a4f138 method=java.io.InputStream.read([B)I @ 5
Event: 13.716 Thread 0x00007fef3d0a9800 Uncommon trap: reason=bimorphic action=maybe_recompile pc=0x00000001039463d4 method=java.util.regex.Pattern$5.isSatisfiedBy(I)Z @ 5
Event: 19.722 Thread 0x00007fef3e098800 Uncommon trap: reason=unreached action=reinterpret pc=0x00000001038cb8dc method=java.nio.ByteBuffer.hasArray()Z @ 4
Event: 35.716 Thread 0x00007fef3f235800 Uncommon trap: reason=class_check action=maybe_recompile pc=0x00000001038f12e4 method=java.util.HashMap.removeEntryForKey(Ljava/lang/Object;)Ljava/util/HashMap$Entry; @ 139
Event: 35.716 Thread 0x00007fef3f235800 Uncommon trap: reason=class_check action=maybe_recompile pc=0x00000001038f12e4 method=java.util.HashMap.removeEntryForKey(Ljava/lang/Object;)Ljava/util/HashMap$Entry; @ 139
Event: 35.716 Thread 0x00007fef3f235800 Uncommon trap: reason=class_check action=maybe_recompile pc=0x00000001038f12e4 method=java.util.HashMap.removeEntryForKey(Ljava/lang/Object;)Ljava/util/HashMap$Entry; @ 139
Event: 35.716 Thread 0x00007fef3f235800 Uncommon trap: reason=class_check action=maybe_recompile pc=0x00000001038f12e4 method=java.util.HashMap.removeEntryForKey(Ljava/lang/Object;)Ljava/util/HashMap$Entry; @ 139
Event: 47.351 Thread 0x00007fef40322800 Uncommon trap: reason=unreached action=reinterpret pc=0x00000001039cee94 method=java.lang.ThreadLocal$ThreadLocalMap.getEntry(Ljava/lang/ThreadLocal;)Ljava/lang/ThreadLocal$ThreadLocalMap$Entry; @ 29

Internal exceptions (10 events):
Event: 13.502 Thread 0x00007fef3e098800 Threw 0x00000007ad2da2f8 at /HUDSON/workspace/7u-2-build-macosx-x86_64/jdk7u71/1605/hotspot/src/share/vm/prims/jvm.cpp:1281
Event: 13.502 Thread 0x00007fef3e098800 Threw 0x00000007ad2e19b8 at /HUDSON/workspace/7u-2-build-macosx-x86_64/jdk7u71/1605/hotspot/src/share/vm/prims/jvm.cpp:1281
Event: 13.503 Thread 0x00007fef3e098800 Threw 0x00000007ad2ea958 at /HUDSON/workspace/7u-2-build-macosx-x86_64/jdk7u71/1605/hotspot/src/share/vm/prims/jvm.cpp:1281
Event: 13.503 Thread 0x00007fef3e098800 Threw 0x00000007ad2f1038 at /HUDSON/workspace/7u-2-build-macosx-x86_64/jdk7u71/1605/hotspot/src/share/vm/prims/jvm.cpp:1281
Event: 19.717 Thread 0x00007fef3d0a9800 Threw 0x00000007ad6b5048 at /HUDSON/workspace/7u-2-build-macosx-x86_64/jdk7u71/1605/hotspot/src/share/vm/prims/jvm.cpp:1281
Event: 19.718 Thread 0x00007fef3d0a9800 Threw 0x00000007ad6c5478 at /HUDSON/workspace/7u-2-build-macosx-x86_64/jdk7u71/1605/hotspot/src/share/vm/prims/jvm.cpp:1281
Event: 19.719 Thread 0x00007fef3d0a9800 Threw 0x00000007ad6cb790 at /HUDSON/workspace/7u-2-build-macosx-x86_64/jdk7u71/1605/hotspot/src/share/vm/prims/jvm.cpp:1281
Event: 47.353 Thread 0x00007fef40322800 Threw 0x00000007ad91cd50 at /HUDSON/workspace/7u-2-build-macosx-x86_64/jdk7u71/1605/hotspot/src/share/vm/prims/jni.cpp:743
Event: 57.353 Thread 0x00007fef40322800 Threw 0x00000007ad91da70 at /HUDSON/workspace/7u-2-build-macosx-x86_64/jdk7u71/1605/hotspot/src/share/vm/prims/jni.cpp:743
Event: 77.355 Thread 0x00007fef3ec00000 Threw 0x00000007ad83a400 at /HUDSON/workspace/7u-2-build-macosx-x86_64/jdk7u71/1605/hotspot/src/share/vm/prims/jvm.cpp:1281

Events (10 events):
Event: 220.509 Executing VM operation: RedefineClasses
Event: 220.515 Executing VM operation: RedefineClasses done
Event: 229.164 Executing VM operation: RedefineClasses
Event: 229.169 Executing VM operation: RedefineClasses done
Event: 237.362 Thread 0x00007fef3e80c000 Thread added: 0x00007fef3e80c000
Event: 237.362 Executing VM operation: RevokeBias
Event: 237.363 Executing VM operation: RevokeBias done
Event: 237.363 Thread 0x00007fef3f248000 Thread exited: 0x00007fef3f248000
Event: 268.455 Executing VM operation: RedefineClasses
Event: 268.461 Executing VM operation: RedefineClasses done


Dynamic libraries:
0x0000000008fa1000 	/System/Library/Frameworks/Cocoa.framework/Versions/A/Cocoa
0x0000000008fa1000 	/System/Library/Frameworks/Security.framework/Versions/A/Security
0x0000000008fa1000 	/System/Library/Frameworks/ApplicationServices.framework/Versions/A/ApplicationServices
0x0000000008fa1000 	/usr/lib/libz.1.dylib
0x0000000008fa1000 	/usr/lib/libSystem.B.dylib
0x0000000008fa1000 	/usr/lib/libobjc.A.dylib
0x0000000008fa1000 	/System/Library/Frameworks/CoreFoundation.framework/Versions/A/CoreFoundation
0x0000000008fa1000 	/System/Library/Frameworks/Foundation.framework/Versions/C/Foundation
0x0000000008fa1000 	/System/Library/Frameworks/AppKit.framework/Versions/C/AppKit
0x0000000008fa1000 	/System/Library/Frameworks/CoreData.framework/Versions/A/CoreData
0x0000000008fa1000 	/System/Library/PrivateFrameworks/RemoteViewServices.framework/Versions/A/RemoteViewServices
0x0000000008fa1000 	/System/Library/PrivateFrameworks/UIFoundation.framework/Versions/A/UIFoundation
0x0000000008fa1000 	/usr/lib/libScreenReader.dylib
0x0000000008fa1000 	/System/Library/Frameworks/Accelerate.framework/Versions/A/Accelerate
0x0000000008fa1000 	/System/Library/Frameworks/IOSurface.framework/Versions/A/IOSurface
0x0000000008fa1000 	/System/Library/Frameworks/AudioToolbox.framework/Versions/A/AudioToolbox
0x0000000008fa1000 	/System/Library/Frameworks/AudioUnit.framework/Versions/A/AudioUnit
0x0000000008fa1000 	/System/Library/PrivateFrameworks/DataDetectorsCore.framework/Versions/A/DataDetectorsCore
0x0000000008fa1000 	/System/Library/PrivateFrameworks/DesktopServicesPriv.framework/Versions/A/DesktopServicesPriv
0x0000000008fa1000 	/System/Library/Frameworks/Carbon.framework/Versions/A/Frameworks/HIToolbox.framework/Versions/A/HIToolbox
0x0000000008fa1000 	/System/Library/Frameworks/QuartzCore.framework/Versions/A/QuartzCore
0x0000000008fa1000 	/System/Library/Frameworks/Carbon.framework/Versions/A/Frameworks/SpeechRecognition.framework/Versions/A/SpeechRecognition
0x0000000008fa1000 	/usr/lib/libauto.dylib
0x0000000008fa1000 	/usr/lib/libicucore.A.dylib
0x0000000008fa1000 	/usr/lib/libxml2.2.dylib
0x0000000008fa1000 	/System/Library/PrivateFrameworks/CoreUI.framework/Versions/A/CoreUI
0x0000000008fa1000 	/System/Library/Frameworks/CoreAudio.framework/Versions/A/CoreAudio
0x0000000008fa1000 	/System/Library/Frameworks/DiskArbitration.framework/Versions/A/DiskArbitration
0x0000000008fa1000 	/usr/lib/liblangid.dylib
0x0000000008fa1000 	/System/Library/PrivateFrameworks/MultitouchSupport.framework/Versions/A/MultitouchSupport
0x0000000008fa1000 	/System/Library/Frameworks/IOKit.framework/Versions/A/IOKit
0x0000000008fa1000 	/usr/lib/libDiagnosticMessagesClient.dylib
0x0000000008fa1000 	/System/Library/Frameworks/CoreServices.framework/Versions/A/CoreServices
0x0000000008fa1000 	/System/Library/PrivateFrameworks/PerformanceAnalysis.framework/Versions/A/PerformanceAnalysis
0x0000000008fa1000 	/System/Library/PrivateFrameworks/GenerationalStorage.framework/Versions/A/GenerationalStorage
0x0000000008fa1000 	/System/Library/Frameworks/OpenGL.framework/Versions/A/OpenGL
0x0000000008fa1000 	/System/Library/PrivateFrameworks/Sharing.framework/Versions/A/Sharing
0x0000000008fa1000 	/System/Library/Frameworks/CoreGraphics.framework/Versions/A/CoreGraphics
0x0000000008fa1000 	/System/Library/Frameworks/CoreImage.framework/Versions/A/CoreImage
0x0000000008fa1000 	/System/Library/Frameworks/CoreText.framework/Versions/A/CoreText
0x0000000008fa1000 	/System/Library/Frameworks/ImageIO.framework/Versions/A/ImageIO
0x0000000008fa1000 	/System/Library/PrivateFrameworks/Backup.framework/Versions/A/Backup
0x0000000008fa1000 	/usr/lib/libextension.dylib
0x0000000008fa1000 	/usr/lib/libarchive.2.dylib
0x0000000008fa1000 	/System/Library/Frameworks/CFNetwork.framework/Versions/A/CFNetwork
0x0000000008fa1000 	/System/Library/Frameworks/SystemConfiguration.framework/Versions/A/SystemConfiguration
0x0000000008fa1000 	/usr/lib/libCRFSuite.dylib
0x0000000008fa1000 	/usr/lib/libc++.1.dylib
0x0000000008fa1000 	/usr/lib/libc++abi.dylib
0x0000000008fa1000 	/usr/lib/system/libcache.dylib
0x0000000008fa1000 	/usr/lib/system/libcommonCrypto.dylib
0x0000000008fa1000 	/usr/lib/system/libcompiler_rt.dylib
0x0000000008fa1000 	/usr/lib/system/libcopyfile.dylib
0x0000000008fa1000 	/usr/lib/system/libcorecrypto.dylib
0x0000000008fa1000 	/usr/lib/system/libdispatch.dylib
0x0000000008fa1000 	/usr/lib/system/libdyld.dylib
0x0000000008fa1000 	/usr/lib/system/libkeymgr.dylib
0x0000000008fa1000 	/usr/lib/system/liblaunch.dylib
0x0000000008fa1000 	/usr/lib/system/libmacho.dylib
0x0000000008fa1000 	/usr/lib/system/libquarantine.dylib
0x0000000008fa1000 	/usr/lib/system/libremovefile.dylib
0x0000000008fa1000 	/usr/lib/system/libsystem_asl.dylib
0x0000000008fa1000 	/usr/lib/system/libsystem_blocks.dylib
0x0000000008fa1000 	/usr/lib/system/libsystem_c.dylib
0x0000000008fa1000 	/usr/lib/system/libsystem_configuration.dylib
0x0000000008fa1000 	/usr/lib/system/libsystem_coreservices.dylib
0x0000000008fa1000 	/usr/lib/system/libsystem_coretls.dylib
0x0000000008fa1000 	/usr/lib/system/libsystem_dnssd.dylib
0x0000000008fa1000 	/usr/lib/system/libsystem_info.dylib
0x0000000008fa1000 	/usr/lib/system/libsystem_kernel.dylib
0x0000000008fa1000 	/usr/lib/system/libsystem_m.dylib
0x0000000008fa1000 	/usr/lib/system/libsystem_malloc.dylib
0x0000000008fa1000 	/usr/lib/system/libsystem_network.dylib
0x0000000008fa1000 	/usr/lib/system/libsystem_networkextension.dylib
0x0000000008fa1000 	/usr/lib/system/libsystem_notify.dylib
0x0000000008fa1000 	/usr/lib/system/libsystem_platform.dylib
0x0000000008fa1000 	/usr/lib/system/libsystem_pthread.dylib
0x0000000008fa1000 	/usr/lib/system/libsystem_sandbox.dylib
0x0000000008fa1000 	/usr/lib/system/libsystem_secinit.dylib
0x0000000008fa1000 	/usr/lib/system/libsystem_trace.dylib
0x0000000008fa1000 	/usr/lib/system/libunc.dylib
0x0000000008fa1000 	/usr/lib/system/libunwind.dylib
0x0000000008fa1000 	/usr/lib/system/libxpc.dylib
0x0000000008fa1000 	/usr/lib/libenergytrace.dylib
0x0000000008fa1000 	/usr/lib/libbsm.0.dylib
0x0000000008fa1000 	/usr/lib/system/libkxld.dylib
0x0000000008fa1000 	/usr/lib/libxar.1.dylib
0x0000000008fa1000 	/usr/lib/libsqlite3.dylib
0x0000000008fa1000 	/usr/lib/libpam.2.dylib
0x0000000008fa1000 	/usr/lib/libOpenScriptingUtil.dylib
0x0000000008fa1000 	/usr/lib/libbz2.1.0.dylib
0x0000000008fa1000 	/usr/lib/liblzma.5.dylib
0x0000000008fa1000 	/System/Library/Frameworks/CoreServices.framework/Versions/A/Frameworks/FSEvents.framework/Versions/A/FSEvents
0x0000000008fa1000 	/System/Library/Frameworks/CoreServices.framework/Versions/A/Frameworks/CarbonCore.framework/Versions/A/CarbonCore
0x0000000008fa1000 	/System/Library/Frameworks/CoreServices.framework/Versions/A/Frameworks/Metadata.framework/Versions/A/Metadata
0x0000000008fa1000 	/System/Library/Frameworks/CoreServices.framework/Versions/A/Frameworks/OSServices.framework/Versions/A/OSServices
0x0000000008fa1000 	/System/Library/Frameworks/CoreServices.framework/Versions/A/Frameworks/SearchKit.framework/Versions/A/SearchKit
0x0000000008fa1000 	/System/Library/Frameworks/CoreServices.framework/Versions/A/Frameworks/AE.framework/Versions/A/AE
0x0000000008fa1000 	/System/Library/Frameworks/CoreServices.framework/Versions/A/Frameworks/LaunchServices.framework/Versions/A/LaunchServices
0x0000000008fa1000 	/System/Library/Frameworks/CoreServices.framework/Versions/A/Frameworks/DictionaryServices.framework/Versions/A/DictionaryServices
0x0000000008fa1000 	/System/Library/Frameworks/CoreServices.framework/Versions/A/Frameworks/SharedFileList.framework/Versions/A/SharedFileList
0x0000000008fa1000 	/System/Library/Frameworks/NetFS.framework/Versions/A/NetFS
0x0000000008fa1000 	/System/Library/PrivateFrameworks/NetAuth.framework/Versions/A/NetAuth
0x0000000008fa1000 	/System/Library/PrivateFrameworks/login.framework/Versions/A/Frameworks/loginsupport.framework/Versions/A/loginsupport
0x0000000008fa1000 	/System/Library/PrivateFrameworks/TCC.framework/Versions/A/TCC
0x0000000008fa1000 	/usr/lib/libmecabra.dylib
0x0000000008fa1000 	/System/Library/Frameworks/ApplicationServices.framework/Versions/A/Frameworks/ATS.framework/Versions/A/ATS
0x0000000008fa1000 	/System/Library/Frameworks/ApplicationServices.framework/Versions/A/Frameworks/ColorSync.framework/Versions/A/ColorSync
0x0000000008fa1000 	/System/Library/Frameworks/ApplicationServices.framework/Versions/A/Frameworks/HIServices.framework/Versions/A/HIServices
0x0000000008fa1000 	/System/Library/Frameworks/ApplicationServices.framework/Versions/A/Frameworks/LangAnalysis.framework/Versions/A/LangAnalysis
0x0000000008fa1000 	/System/Library/Frameworks/ApplicationServices.framework/Versions/A/Frameworks/PrintCore.framework/Versions/A/PrintCore
0x0000000008fa1000 	/System/Library/Frameworks/ApplicationServices.framework/Versions/A/Frameworks/QD.framework/Versions/A/QD
0x0000000008fa1000 	/System/Library/Frameworks/ApplicationServices.framework/Versions/A/Frameworks/SpeechSynthesis.framework/Versions/A/SpeechSynthesis
0x0000000008fa1000 	/System/Library/Frameworks/Metal.framework/Versions/A/Metal
0x0000000008fa1000 	/System/Library/Frameworks/Accelerate.framework/Versions/A/Frameworks/vImage.framework/Versions/A/vImage
0x0000000008fa1000 	/System/Library/Frameworks/Accelerate.framework/Versions/A/Frameworks/vecLib.framework/Versions/A/vecLib
0x0000000008fa1000 	/System/Library/Frameworks/Accelerate.framework/Versions/A/Frameworks/vecLib.framework/Versions/A/libvDSP.dylib
0x0000000008fa1000 	/System/Library/Frameworks/Accelerate.framework/Versions/A/Frameworks/vecLib.framework/Versions/A/libvMisc.dylib
0x0000000008fa1000 	/System/Library/Frameworks/Accelerate.framework/Versions/A/Frameworks/vecLib.framework/Versions/A/libLAPACK.dylib
0x0000000008fa1000 	/System/Library/Frameworks/Accelerate.framework/Versions/A/Frameworks/vecLib.framework/Versions/A/libBLAS.dylib
0x0000000008fa1000 	/System/Library/Frameworks/Accelerate.framework/Versions/A/Frameworks/vecLib.framework/Versions/A/libLinearAlgebra.dylib
0x0000000008fa1000 	/System/Library/Frameworks/Accelerate.framework/Versions/A/Frameworks/vecLib.framework/Versions/A/libSparseBLAS.dylib
0x0000000008fa1000 	/System/Library/PrivateFrameworks/GPUCompiler.framework/libmetal_timestamp.dylib
0x0000000008fa1000 	/System/Library/Frameworks/OpenGL.framework/Versions/A/Libraries/libCoreFSCache.dylib
0x0000000008fa1000 	/System/Library/PrivateFrameworks/IOAccelerator.framework/Versions/A/IOAccelerator
0x0000000008fa1000 	/System/Library/Frameworks/ApplicationServices.framework/Versions/A/Frameworks/ATS.framework/Versions/A/Resources/libFontParser.dylib
0x0000000008fa1000 	/System/Library/Frameworks/ApplicationServices.framework/Versions/A/Frameworks/ATS.framework/Versions/A/Resources/libFontRegistry.dylib
0x0000000008fa1000 	/System/Library/PrivateFrameworks/AppleVPA.framework/Versions/A/AppleVPA
0x0000000008fa1000 	/System/Library/PrivateFrameworks/AppleJPEG.framework/Versions/A/AppleJPEG
0x0000000008fa1000 	/System/Library/Frameworks/ImageIO.framework/Versions/A/Resources/libJPEG.dylib
0x0000000008fa1000 	/System/Library/Frameworks/ImageIO.framework/Versions/A/Resources/libTIFF.dylib
0x0000000008fa1000 	/System/Library/Frameworks/ImageIO.framework/Versions/A/Resources/libPng.dylib
0x0000000008fa1000 	/System/Library/Frameworks/ImageIO.framework/Versions/A/Resources/libGIF.dylib
0x0000000008fa1000 	/System/Library/Frameworks/ImageIO.framework/Versions/A/Resources/libJP2.dylib
0x0000000008fa1000 	/System/Library/Frameworks/ImageIO.framework/Versions/A/Resources/libRadiance.dylib
0x0000000008fa1000 	/System/Library/Frameworks/CoreVideo.framework/Versions/A/CoreVideo
0x0000000008fa1000 	/System/Library/Frameworks/OpenGL.framework/Versions/A/Libraries/libGLU.dylib
0x0000000008fa1000 	/System/Library/Frameworks/OpenGL.framework/Versions/A/Libraries/libGFXShared.dylib
0x0000000008fa1000 	/System/Library/Frameworks/OpenGL.framework/Versions/A/Libraries/libGL.dylib
0x0000000008fa1000 	/System/Library/Frameworks/OpenGL.framework/Versions/A/Libraries/libGLImage.dylib
0x0000000008fa1000 	/System/Library/Frameworks/OpenGL.framework/Versions/A/Libraries/libCVMSPluginSupport.dylib
0x0000000008fa1000 	/System/Library/Frameworks/OpenGL.framework/Versions/A/Libraries/libCoreVMClient.dylib
0x0000000008fa1000 	/usr/lib/libcompression.dylib
0x0000000008fa1000 	/usr/lib/libcups.2.dylib
0x0000000008fa1000 	/System/Library/Frameworks/Kerberos.framework/Versions/A/Kerberos
0x0000000008fa1000 	/System/Library/Frameworks/GSS.framework/Versions/A/GSS
0x0000000008fa1000 	/usr/lib/libresolv.9.dylib
0x0000000008fa1000 	/usr/lib/libiconv.2.dylib
0x0000000008fa1000 	/System/Library/PrivateFrameworks/Heimdal.framework/Versions/A/Heimdal
0x0000000008fa1000 	/usr/lib/libheimdal-asn1.dylib
0x0000000008fa1000 	/System/Library/Frameworks/OpenDirectory.framework/Versions/A/OpenDirectory
0x0000000008fa1000 	/System/Library/PrivateFrameworks/CommonAuth.framework/Versions/A/CommonAuth
0x0000000008fa1000 	/System/Library/Frameworks/OpenDirectory.framework/Versions/A/Frameworks/CFOpenDirectory.framework/Versions/A/CFOpenDirectory
0x0000000008fa1000 	/System/Library/Frameworks/SecurityFoundation.framework/Versions/A/SecurityFoundation
0x0000000008fa1000 	/System/Library/PrivateFrameworks/LanguageModeling.framework/Versions/A/LanguageModeling
0x0000000008fa1000 	/usr/lib/libmarisa.dylib
0x0000000008fa1000 	/usr/lib/libChineseTokenizer.dylib
0x0000000008fa1000 	/usr/lib/libcmph.dylib
0x0000000008fa1000 	/System/Library/Frameworks/ServiceManagement.framework/Versions/A/ServiceManagement
0x0000000008fa1000 	/usr/lib/libxslt.1.dylib
0x0000000008fa1000 	/System/Library/Frameworks/Carbon.framework/Versions/A/Frameworks/Ink.framework/Versions/A/Ink
0x0000000008fa1000 	/usr/lib/libFosl_dynamic.dylib
0x0000000008fa1000 	/System/Library/PrivateFrameworks/FaceCore.framework/Versions/A/FaceCore
0x0000000008fa1000 	/System/Library/Frameworks/OpenCL.framework/Versions/A/OpenCL
0x0000000008fa1000 	/System/Library/PrivateFrameworks/CrashReporterSupport.framework/Versions/A/CrashReporterSupport
0x0000000008fa1000 	/System/Library/PrivateFrameworks/IconServices.framework/Versions/A/IconServices
0x0000000008fa1000 	/System/Library/PrivateFrameworks/Apple80211.framework/Versions/A/Apple80211
0x0000000008fa1000 	/System/Library/Frameworks/CoreWLAN.framework/Versions/A/CoreWLAN
0x0000000008fa1000 	/System/Library/Frameworks/IOBluetooth.framework/Versions/A/IOBluetooth
0x0000000008fa1000 	/System/Library/PrivateFrameworks/CoreWiFi.framework/Versions/A/CoreWiFi
0x0000000008fa1000 	/System/Library/Frameworks/CoreBluetooth.framework/Versions/A/CoreBluetooth
0x0000000008fa1000 	/System/Library/PrivateFrameworks/ChunkingLibrary.framework/Versions/A/ChunkingLibrary
0x0000000008fa1000 	/System/Library/PrivateFrameworks/DebugSymbols.framework/Versions/A/DebugSymbols
0x0000000008fa1000 	/System/Library/PrivateFrameworks/CoreSymbolication.framework/Versions/A/CoreSymbolication
0x0000000008fa1000 	/System/Library/PrivateFrameworks/Symbolication.framework/Versions/A/Symbolication
0x0000000008fa1000 	/System/Library/PrivateFrameworks/SpeechRecognitionCore.framework/Versions/A/SpeechRecognitionCore
0x0000000102e00000 	/Library/Java/JavaVirtualMachines/jdk1.7.0_71.jdk/Contents/Home/jre/lib/server/libjvm.dylib
0x0000000008fa1000 	/usr/lib/libstdc++.6.dylib
0x0000000101c08000 	/Library/Java/JavaVirtualMachines/jdk1.7.0_71.jdk/Contents/Home/jre/lib/libverify.dylib
0x0000000101c15000 	/Library/Java/JavaVirtualMachines/jdk1.7.0_71.jdk/Contents/Home/jre/lib/libjava.dylib
0x0000000101c46000 	/Library/Java/JavaVirtualMachines/jdk1.7.0_71.jdk/Contents/Home/jre/lib/libjdwp.dylib
0x0000000101c83000 	/Library/Java/JavaVirtualMachines/jdk1.7.0_71.jdk/Contents/Home/jre/lib/libnpt.dylib
0x0000000101c90000 	/Library/Java/JavaVirtualMachines/jdk1.7.0_71.jdk/Contents/Home/jre/lib/libzip.dylib
0x0000000111fa9000 	/System/Library/Frameworks/JavaVM.framework/Frameworks/JavaRuntimeSupport.framework/JavaRuntimeSupport
0x0000000111fc4000 	/System/Library/Frameworks/JavaVM.framework/Versions/A/Frameworks/JavaNativeFoundation.framework/Versions/A/JavaNativeFoundation
0x0000000111fd9000 	/System/Library/Frameworks/JavaVM.framework/Versions/A/JavaVM
0x0000000008fa1000 	/System/Library/Frameworks/Carbon.framework/Versions/A/Carbon
0x0000000111fe6000 	/System/Library/PrivateFrameworks/JavaLaunching.framework/Versions/A/JavaLaunching
0x0000000008fa1000 	/System/Library/Frameworks/Carbon.framework/Versions/A/Frameworks/CommonPanels.framework/Versions/A/CommonPanels
0x0000000008fa1000 	/System/Library/Frameworks/Carbon.framework/Versions/A/Frameworks/Help.framework/Versions/A/Help
0x0000000008fa1000 	/System/Library/Frameworks/Carbon.framework/Versions/A/Frameworks/ImageCapture.framework/Versions/A/ImageCapture
0x0000000008fa1000 	/System/Library/Frameworks/Carbon.framework/Versions/A/Frameworks/OpenScripting.framework/Versions/A/OpenScripting
0x0000000008fa1000 	/System/Library/Frameworks/Carbon.framework/Versions/A/Frameworks/Print.framework/Versions/A/Print
0x0000000008fa1000 	/System/Library/Frameworks/Carbon.framework/Versions/A/Frameworks/SecurityHI.framework/Versions/A/SecurityHI
0x0000000113906000 	/Library/Java/JavaVirtualMachines/jdk1.7.0_71.jdk/Contents/Home/jre/lib/libdt_socket.dylib
0x00000001139ac000 	/Library/Java/JavaVirtualMachines/jdk1.7.0_71.jdk/Contents/Home/jre/lib/libnio.dylib
0x00000001139bb000 	/Library/Java/JavaVirtualMachines/jdk1.7.0_71.jdk/Contents/Home/jre/lib/./libnet.dylib
0x00000001143fe000 	/Library/Java/JavaVirtualMachines/jdk1.7.0_71.jdk/Contents/Home/jre/lib/libsunec.dylib
0x0000000114426000 	/Library/Java/JavaVirtualMachines/jdk1.7.0_71.jdk/Contents/Home/jre/lib/libawt.dylib
0x00000001144d5000 	/Library/Java/JavaVirtualMachines/jdk1.7.0_71.jdk/Contents/Home/jre/lib/./libmlib_image.dylib
0x0000000114620000 	/Library/Java/JavaVirtualMachines/jdk1.7.0_71.jdk/Contents/Home/jre/lib/lwawt/liblwawt.dylib
0x0000000113b42000 	/Library/Java/JavaVirtualMachines/jdk1.7.0_71.jdk/Contents/Home/jre/lib/libosxapp.dylib
0x0000000008fa1000 	/System/Library/Frameworks/ExceptionHandling.framework/Versions/A/ExceptionHandling
0x0000000008fa1000 	/System/Library/PrivateFrameworks/CoreServicesInternal.framework/Versions/A/CoreServicesInternal
0x0000000008fa1000 	/System/Library/Frameworks/CoreGraphics.framework/Versions/A/Resources/libRIP.A.dylib
0x0000000008fa1000 	/System/Library/Frameworks/Accelerate.framework/Versions/A/Frameworks/vImage.framework/Versions/A/Libraries/libCGInterfaces.dylib
0x0000000008fa1000 	/System/Library/Frameworks/CoreGraphics.framework/Versions/A/Resources/libCGXType.A.dylib
0x0000000008fa1000 	/System/Library/Frameworks/OpenCL.framework/Versions/A/Libraries/libcldcpuengine.dylib
0x0000000008fa1000 	/System/Library/PrivateFrameworks/DiskImages.framework/Versions/A/DiskImages
0x0000000008fa1000 	/System/Library/Frameworks/DiscRecording.framework/Versions/A/DiscRecording
0x0000000008fa1000 	/usr/lib/libcsfde.dylib
0x0000000008fa1000 	/usr/lib/libcurl.4.dylib
0x0000000008fa1000 	/System/Library/PrivateFrameworks/MediaKit.framework/Versions/A/MediaKit
0x0000000008fa1000 	/System/Library/PrivateFrameworks/ProtectedCloudStorage.framework/Versions/A/ProtectedCloudStorage
0x0000000008fa1000 	/usr/lib/libCoreStorage.dylib
0x0000000008fa1000 	/System/Library/PrivateFrameworks/EFILogin.framework/Versions/A/EFILogin
0x0000000008fa1000 	/usr/lib/libutil.dylib
0x0000000008fa1000 	/System/Library/PrivateFrameworks/FindMyDevice.framework/Versions/A/FindMyDevice
0x0000000008fa1000 	/System/Library/Frameworks/LDAP.framework/Versions/A/LDAP
0x0000000008fa1000 	/usr/lib/libsasl2.2.dylib
0x0000000008fa1000 	/System/Library/PrivateFrameworks/CoreDaemon.framework/Versions/B/CoreDaemon
0x0000000008fa1000 	/usr/lib/libcrypto.0.9.8.dylib
0x0000000008fa1000 	/System/Library/PrivateFrameworks/AppleSRP.framework/Versions/A/AppleSRP
0x0000000008fa1000 	/System/Library/PrivateFrameworks/TrustEvaluationAgent.framework/Versions/A/TrustEvaluationAgent
0x0000000113cee000 	cl_kernels
0x0000000008fa1000 	/System/Library/Frameworks/OpenCL.framework/Versions/A/Libraries/ImageFormats/unorm8_bgra.dylib
0x0000000008fa1000 	/System/Library/Frameworks/OpenCL.framework/Versions/A/Libraries/ImageFormats/unorm8_rgba.dylib
0x0000000008fa1000 	/System/Library/PrivateFrameworks/FamilyControls.framework/Versions/A/FamilyControls
0x0000000008fa1000 	/System/Library/PrivateFrameworks/CommerceKit.framework/Versions/A/Frameworks/CommerceCore.framework/Versions/A/CommerceCore
0x0000000008fa1000 	/System/Library/PrivateFrameworks/SystemAdministration.framework/Versions/A/SystemAdministration
0x0000000008fa1000 	/System/Library/PrivateFrameworks/AppContainer.framework/Versions/A/AppContainer
0x0000000008fa1000 	/System/Library/PrivateFrameworks/SecCodeWrapper.framework/Versions/A/SecCodeWrapper
0x0000000008fa1000 	/System/Library/Frameworks/DirectoryService.framework/Versions/A/DirectoryService
0x0000000008fa1000 	/System/Library/PrivateFrameworks/LoginUIKit.framework/Versions/A/Frameworks/LoginUICore.framework/Versions/A/LoginUICore
0x0000000008fa1000 	/usr/lib/libodfde.dylib
0x0000000113ec0000 	/Library/Java/JavaVirtualMachines/jdk1.7.0_71.jdk/Contents/Home/jre/lib/libmanagement.dylib

VM Arguments:
jvm_args: -agentlib:jdwp=transport=dt_socket,suspend=y,address=localhost:50927 -Dmaven.home=EMBEDDED -Dclassworlds.conf=/Users/lbt05/Documents/workspace/.metadata/.plugins/org.eclipse.m2e.launching/launches/m2conf3261541222766969415.tmp -Dfile.encoding=UTF-8 
java_command: org.codehaus.plexus.classworlds.launcher.Launcher -B jetty:run
Launcher Type: SUN_STANDARD

Environment Variables:
PATH=/usr/bin:/bin:/usr/sbin:/sbin
SHELL=/bin/zsh
DISPLAY=/private/tmp/com.apple.launchd.VclO5DhfTk/org.macosforge.xquartz:0

Signal Handlers:
SIGSEGV: [libjvm.dylib+0x52c49d], sa_mask[0]=0xfffefeff, sa_flags=0x00000043
SIGBUS: [libjvm.dylib+0x52c49d], sa_mask[0]=0xfffefeff, sa_flags=0x00000042
SIGFPE: [libjvm.dylib+0x41e53a], sa_mask[0]=0xfffefeff, sa_flags=0x00000042
SIGPIPE: [libjvm.dylib+0x41e53a], sa_mask[0]=0xfffefeff, sa_flags=0x00000042
SIGXFSZ: [libjvm.dylib+0x41e53a], sa_mask[0]=0xfffefeff, sa_flags=0x00000042
SIGILL: [libjvm.dylib+0x41e53a], sa_mask[0]=0xfffefeff, sa_flags=0x00000042
SIGUSR1: SIG_DFL, sa_mask[0]=0x00000000, sa_flags=0x00000000
SIGUSR2: [libjvm.dylib+0x41e02c], sa_mask[0]=0x00000004, sa_flags=0x00000042
SIGHUP: [libjvm.dylib+0x41c2bd], sa_mask[0]=0xfffefeff, sa_flags=0x00000042
SIGINT: [libjvm.dylib+0x41c2bd], sa_mask[0]=0xfffefeff, sa_flags=0x00000042
SIGTERM: [libjvm.dylib+0x41c2bd], sa_mask[0]=0xfffefeff, sa_flags=0x00000042
SIGQUIT: [libjvm.dylib+0x41c2bd], sa_mask[0]=0xfffefeff, sa_flags=0x00000042


---------------  S Y S T E M  ---------------

OS:Bsduname:Darwin 15.5.0 Darwin Kernel Version 15.5.0: Tue Apr 19 18:36:36 PDT 2016; root:xnu-3248.50.21~8/RELEASE_X86_64 x86_64
rlimit: STACK 8192k, CORE 0k, NPROC 709, NOFILE 10240, AS infinity
load average:2.38 2.26 2.11

CPU:total 8 (4 cores per cpu, 2 threads per core) family 6 model 70 stepping 1, cmov, cx8, fxsr, mmx, sse, sse2, sse3, ssse3, sse4.1, sse4.2, popcnt, avx, avx2, aes, erms, ht, tsc, tscinvbit

Memory: 4k page, physical 16777216k(4194304k free)

/proc/meminfo:


vm_info: Java HotSpot(TM) 64-Bit Server VM (24.71-b01) for bsd-amd64 JRE (1.7.0_71-b14), built on Sep 26 2014 16:11:44 by "java_re" with gcc 4.2.1 (Based on Apple Inc. build 5658) (LLVM build 2336.11.00)

time: Mon Jul  4 18:42:35 2016
elapsed time: 268 seconds

